Change Component Designator: Old Designator=BD1 New Designator=BD3
Change Component Designator: Old Designator=BD2 New Designator=BD4
Change Component Designator: Old Designator=BD3 New Designator=BD5
Change Component Designator: Old Designator=BD4 New Designator=BD1
Change Component Designator: Old Designator=BD5 New Designator=BD2
Change Component Designator: Old Designator=C1 New Designator=C34
Change Component Designator: Old Designator=C2 New Designator=C29
Change Component Designator: Old Designator=C3 New Designator=C30
Change Component Designator: Old Designator=C4 New Designator=C22
Change Component Designator: Old Designator=C5 New Designator=C21
Change Component Designator: Old Designator=C5 New Designator=C27
Change Component Designator: Old Designator=C6 New Designator=C23
Change Component Designator: Old Designator=C7 New Designator=C24
Change Component Designator: Old Designator=C8 New Designator=C25
Change Component Designator: Old Designator=C10 New Designator=C38
Change Component Designator: Old Designator=C11 New Designator=C28
Change Component Designator: Old Designator=C12 New Designator=C26
Change Component Designator: Old Designator=C12 New Designator=C31
Change Component Designator: Old Designator=C13 New Designator=C32
Change Component Designator: Old Designator=C14 New Designator=C33
Change Component Designator: Old Designator=C15 New Designator=C43
Change Component Designator: Old Designator=C15 New Designator=C51
Change Component Designator: Old Designator=C16 New Designator=C36
Change Component Designator: Old Designator=C17 New Designator=C78
Change Component Designator: Old Designator=C18 New Designator=C79
Change Component Designator: Old Designator=C19 New Designator=C48
Change Component Designator: Old Designator=C20 New Designator=C47
Change Component Designator: Old Designator=C21 New Designator=C39
Change Component Designator: Old Designator=C22 New Designator=C69
Change Component Designator: Old Designator=C23 New Designator=C40
Change Component Designator: Old Designator=C24 New Designator=C71
Change Component Designator: Old Designator=C25 New Designator=C72
Change Component Designator: Old Designator=C26 New Designator=C73
Change Component Designator: Old Designator=C27 New Designator=C74
Change Component Designator: Old Designator=C28 New Designator=C41
Change Component Designator: Old Designator=C29 New Designator=C42
Change Component Designator: Old Designator=C30 New Designator=C56
Change Component Designator: Old Designator=C31 New Designator=C44
Change Component Designator: Old Designator=C32 New Designator=C45
Change Component Designator: Old Designator=C33 New Designator=C77
Change Component Designator: Old Designator=C34 New Designator=C46
Change Component Designator: Old Designator=C35 New Designator=C49
Change Component Designator: Old Designator=C36 New Designator=C61
Change Component Designator: Old Designator=C37 New Designator=C62
Change Component Designator: Old Designator=C38 New Designator=C63
Change Component Designator: Old Designator=C39 New Designator=C64
Change Component Designator: Old Designator=C40 New Designator=C65
Change Component Designator: Old Designator=C41 New Designator=C66
Change Component Designator: Old Designator=C42 New Designator=C67
Change Component Designator: Old Designator=C43 New Designator=C80
Change Component Designator: Old Designator=C44 New Designator=C50
Change Component Designator: Old Designator=C45 New Designator=C52
Change Component Designator: Old Designator=C46 New Designator=C53
Change Component Designator: Old Designator=C47 New Designator=C54
Change Component Designator: Old Designator=C48 New Designator=C55
Change Component Designator: Old Designator=C49 New Designator=C35
Change Component Designator: Old Designator=C50 New Designator=C57
Change Component Designator: Old Designator=C51 New Designator=C75
Change Component Designator: Old Designator=C52 New Designator=C58
Change Component Designator: Old Designator=C53 New Designator=C37
Change Component Designator: Old Designator=C54 New Designator=C59
Change Component Designator: Old Designator=C55 New Designator=C60
Change Component Designator: Old Designator=C56 New Designator=C76
Change Component Designator: Old Designator=C57 New Designator=C70
Change Component Designator: Old Designator=C58 New Designator=C68
Change Component Designator: Old Designator=L1 New Designator=L2
Change Component Designator: Old Designator=LED1 New Designator=LED4
Change Component Designator: Old Designator=LED2 New Designator=LED5
Change Component Designator: Old Designator=LED2 New Designator=LED6
Change Component Designator: Old Designator=LED2 New Designator=LED7
Change Component Designator: Old Designator=Q1 New Designator=Q6
Change Component Designator: Old Designator=R1 New Designator=R26
Change Component Designator: Old Designator=R2 New Designator=R33
Change Component Designator: Old Designator=R3 New Designator=R39
Change Component Designator: Old Designator=R4 New Designator=R40
Change Component Designator: Old Designator=R5 New Designator=R27
Change Component Designator: Old Designator=R6 New Designator=R28
Change Component Designator: Old Designator=R7 New Designator=R29
Change Component Designator: Old Designator=R8 New Designator=R43
Change Component Designator: Old Designator=R9 New Designator=R45
Change Component Designator: Old Designator=R10 New Designator=R31
Change Component Designator: Old Designator=R11 New Designator=R30
Change Component Designator: Old Designator=R12 New Designator=R47
Change Component Designator: Old Designator=R13 New Designator=R48
Change Component Designator: Old Designator=R14 New Designator=R32
Change Component Designator: Old Designator=R15 New Designator=R34
Change Component Designator: Old Designator=R16 New Designator=R36
Change Component Designator: Old Designator=R17 New Designator=R35
Change Component Designator: Old Designator=R18 New Designator=R56
Change Component Designator: Old Designator=R19 New Designator=R58
Change Component Designator: Old Designator=R20 New Designator=R38
Change Component Designator: Old Designator=R21 New Designator=R42
Change Component Designator: Old Designator=R22 New Designator=R60
Change Component Designator: Old Designator=R23 New Designator=R37
Change Component Designator: Old Designator=R24 New Designator=R41
Change Component Designator: Old Designator=R25 New Designator=R61
Change Component Designator: Old Designator=R27 New Designator=R44
Change Component Designator: Old Designator=R28 New Designator=R62
Change Component Designator: Old Designator=R28 New Designator=R75
Change Component Designator: Old Designator=R29 New Designator=R63
Change Component Designator: Old Designator=R29 New Designator=R76
Change Component Designator: Old Designator=R30 New Designator=R49
Change Component Designator: Old Designator=R31 New Designator=R51
Change Component Designator: Old Designator=R32 New Designator=R52
Change Component Designator: Old Designator=R33 New Designator=R46
Change Component Designator: Old Designator=R34 New Designator=R65
Change Component Designator: Old Designator=R35 New Designator=R67
Change Component Designator: Old Designator=R36 New Designator=R68
Change Component Designator: Old Designator=R37 New Designator=R55
Change Component Designator: Old Designator=R38 New Designator=R57
Change Component Designator: Old Designator=R39 New Designator=R64
Change Component Designator: Old Designator=R40 New Designator=R59
Change Component Designator: Old Designator=R41 New Designator=R69
Change Component Designator: Old Designator=R42 New Designator=R70
Change Component Designator: Old Designator=R43 New Designator=R87
Change Component Designator: Old Designator=R44 New Designator=R88
Change Component Designator: Old Designator=R45 New Designator=R71
Change Component Designator: Old Designator=R46 New Designator=R72
Change Component Designator: Old Designator=R47 New Designator=R77
Change Component Designator: Old Designator=R48 New Designator=R78
Change Component Designator: Old Designator=R49 New Designator=R73
Change Component Designator: Old Designator=R50 New Designator=R79
Change Component Designator: Old Designator=R51 New Designator=R66
Change Component Designator: Old Designator=R52 New Designator=R97
Change Component Designator: Old Designator=R53 New Designator=R80
Change Component Designator: Old Designator=R54 New Designator=R81
Change Component Designator: Old Designator=R55 New Designator=R98
Change Component Designator: Old Designator=R56 New Designator=R74
Change Component Designator: Old Designator=R57 New Designator=R82
Change Component Designator: Old Designator=R57 New Designator=R83
Change Component Designator: Old Designator=R57 New Designator=R99
Change Component Designator: Old Designator=R58 New Designator=R50
Change Component Designator: Old Designator=R59 New Designator=R53
Change Component Designator: Old Designator=R60 New Designator=R54
Change Component Designator: Old Designator=R61 New Designator=R89
Change Component Designator: Old Designator=R61 New Designator=R94
Change Component Designator: Old Designator=R62 New Designator=R84
Change Component Designator: Old Designator=R63 New Designator=R85
Change Component Designator: Old Designator=R64 New Designator=R86
Change Component Designator: Old Designator=R65 New Designator=R90
Change Component Designator: Old Designator=R66 New Designator=R91
Change Component Designator: Old Designator=R67 New Designator=R92
Change Component Designator: Old Designator=R68 New Designator=R93
Change Component Designator: Old Designator=R69 New Designator=R95
Change Component Designator: Old Designator=R70 New Designator=R96
Change Component Designator: Old Designator=T2 New Designator=T3
Change Component Designator: Old Designator=T3 New Designator=T4
Change Component Designator: Old Designator=U1 New Designator=U2
Change Component Designator: Old Designator=U2 New Designator=U4
Change Component Designator: Old Designator=U3 New Designator=U5
Change Component Designator: Old Designator=U4 New Designator=U7
Change Component Designator: Old Designator=U5 New Designator=U3
Change Component Designator: Old Designator=V2 New Designator=V3
Change Component Designator: Old Designator=V3 New Designator=V7
Change Component Designator: Old Designator=V4 New Designator=V8
Change Component Designator: Old Designator=V5 New Designator=V10
Change Component Designator: Old Designator=V6 New Designator=V4
Change Component Designator: Old Designator=V7 New Designator=V12
Change Component Designator: Old Designator=V8 New Designator=V13
Change Component Designator: Old Designator=V9 New Designator=V14
Change Component Designator: Old Designator=V9 New Designator=V15
Change Component Designator: Old Designator=V9 New Designator=V16
Change Component Designator: Old Designator=V9 New Designator=V17
Change Component Designator: Old Designator=V10 New Designator=V5
Change Component Designator: Old Designator=V11 New Designator=V6
Change Component Designator: Old Designator=V12 New Designator=V11
Change Component Designator: Old Designator=V13 New Designator=V9
Change Component Designator: Old Designator=V? New Designator=V2
Change Component Designator: Old Designator=XS1 New Designator=XS5
Change Component Designator: Old Designator=XS2 New Designator=XS4
Change Component Designator: Old Designator=XS3 New Designator=XS7
Change Component Designator: Old Designator=XS6 New Designator=XS8
Change Component Designator: Old Designator=XS7 New Designator=XS6
Change Component Designator: Old Designator=XS9 New Designator=XS10
Change Component Designator: Old Designator=XS9 New Designator=XS12
Change Component Designator: Old Designator=XS10 New Designator=XS17
Change Component Designator: Old Designator=XS11 New Designator=XS9
Change Component Designator: Old Designator=XS12 New Designator=XS14
Change Component Designator: Old Designator=XS13 New Designator=XS11
Change Component Designator: Old Designator=XS14 New Designator=XS18
Change Component Designator: Old Designator=XS15 New Designator=XS13
Change Component Designator: Old Designator=XS16 New Designator=XS15
Change Component Designator: Old Designator=XS17 New Designator=XS16
