Change Component Designator: Old Designator=BD3 New Designator=BD1
Change Component Designator: Old Designator=BD3 New Designator=BD4
Change Component Designator: Old Designator=BD4 New Designator=BD2
Change Component Designator: Old Designator=BD4 New Designator=BD5
Change Component Designator: Old Designator=BD5 New Designator=BD3
Change Component Designator: Old Designator=C9 New Designator=C12
Change Component Designator: Old Designator=C10 New Designator=C27
Change Component Designator: Old Designator=C10 New Designator=C28
Change Component Designator: Old Designator=C10 New Designator=C31
Change Component Designator: Old Designator=C11 New Designator=C2
Change Component Designator: Old Designator=C11 New Designator=C29
Change Component Designator: Old Designator=C12 New Designator=C3
Change Component Designator: Old Designator=C12 New Designator=C30
Change Component Designator: Old Designator=C13 New Designator=C4
Change Component Designator: Old Designator=C13 New Designator=C32
Change Component Designator: Old Designator=C15 New Designator=C7
Change Component Designator: Old Designator=C15 New Designator=C13
Change Component Designator: Old Designator=C15 New Designator=C39
Change Component Designator: Old Designator=C16 New Designator=C8
Change Component Designator: Old Designator=C16 New Designator=C15
Change Component Designator: Old Designator=C18 New Designator=C20
Change Component Designator: Old Designator=C19 New Designator=C10
Change Component Designator: Old Designator=C19 New Designator=C21
Change Component Designator: Old Designator=C20 New Designator=C1
Change Component Designator: Old Designator=C20 New Designator=C6
Change Component Designator: Old Designator=C20 New Designator=C11
Change Component Designator: Old Designator=C20 New Designator=C22
Change Component Designator: Old Designator=C21 New Designator=C23
Change Component Designator: Old Designator=C21 New Designator=C44
Change Component Designator: Old Designator=C22 New Designator=C25
Change Component Designator: Old Designator=C23 New Designator=C26
Change Component Designator: Old Designator=C24 New Designator=C33
Change Component Designator: Old Designator=C25 New Designator=C34
Change Component Designator: Old Designator=C26 New Designator=C35
Change Component Designator: Old Designator=C27 New Designator=C36
Change Component Designator: Old Designator=C28 New Designator=C37
Change Component Designator: Old Designator=C29 New Designator=C38
Change Component Designator: Old Designator=C30 New Designator=C40
Change Component Designator: Old Designator=C31 New Designator=C41
Change Component Designator: Old Designator=C32 New Designator=C43
Change Component Designator: Old Designator=C37 New Designator=C9
Change Component Designator: Old Designator=C41 New Designator=C14
Change Component Designator: Old Designator=C43 New Designator=C16
Change Component Designator: Old Designator=C44 New Designator=C5
Change Component Designator: Old Designator=C44 New Designator=C17
Change Component Designator: Old Designator=C47 New Designator=C18
Change Component Designator: Old Designator=C48 New Designator=C19
Change Component Designator: Old Designator=C51 New Designator=C24
Change Component Designator: Old Designator=C61 New Designator=C42
Change Component Designator: Old Designator=D? New Designator=D1
Change Component Designator: Old Designator=LED1 New Designator=LED2
Change Component Designator: Old Designator=N1 New Designator=N2
Change Component Designator: Old Designator=N9 New Designator=N3
Change Component Designator: Old Designator=Q1 New Designator=Q2
Change Component Designator: Old Designator=R1 New Designator=R22
Change Component Designator: Old Designator=R2 New Designator=R4
Change Component Designator: Old Designator=R2 New Designator=R26
Change Component Designator: Old Designator=R3 New Designator=R10
Change Component Designator: Old Designator=R4 New Designator=R1
Change Component Designator: Old Designator=R5 New Designator=R2
Change Component Designator: Old Designator=R6 New Designator=R3
Change Component Designator: Old Designator=R7 New Designator=R5
Change Component Designator: Old Designator=R7 New Designator=R6
Change Component Designator: Old Designator=R7 New Designator=R9
Change Component Designator: Old Designator=R7 New Designator=R19
Change Component Designator: Old Designator=R7 New Designator=R20
Change Component Designator: Old Designator=R9 New Designator=R48
Change Component Designator: Old Designator=R11 New Designator=R30
Change Component Designator: Old Designator=R11 New Designator=R32
Change Component Designator: Old Designator=R11 New Designator=R33
Change Component Designator: Old Designator=R12 New Designator=R24
Change Component Designator: Old Designator=R12 New Designator=R36
Change Component Designator: Old Designator=R13 New Designator=R25
Change Component Designator: Old Designator=R13 New Designator=R37
Change Component Designator: Old Designator=R13 New Designator=R45
Change Component Designator: Old Designator=R14 New Designator=R38
Change Component Designator: Old Designator=R15 New Designator=R46
Change Component Designator: Old Designator=R15 New Designator=R47
Change Component Designator: Old Designator=R16 New Designator=R27
Change Component Designator: Old Designator=R20 New Designator=R39
Change Component Designator: Old Designator=R21 New Designator=R31
Change Component Designator: Old Designator=R22 New Designator=R29
Change Component Designator: Old Designator=R24 New Designator=R28
Change Component Designator: Old Designator=R25 New Designator=R7
Change Component Designator: Old Designator=R25 New Designator=R11
Change Component Designator: Old Designator=R25 New Designator=R12
Change Component Designator: Old Designator=R25 New Designator=R13
Change Component Designator: Old Designator=R25 New Designator=R14
Change Component Designator: Old Designator=R25 New Designator=R18
Change Component Designator: Old Designator=R25 New Designator=R21
Change Component Designator: Old Designator=R26 New Designator=R8
Change Component Designator: Old Designator=R26 New Designator=R15
Change Component Designator: Old Designator=R26 New Designator=R16
Change Component Designator: Old Designator=R27 New Designator=R17
Change Component Designator: Old Designator=R30 New Designator=R40
Change Component Designator: Old Designator=R31 New Designator=R41
Change Component Designator: Old Designator=R32 New Designator=R42
Change Component Designator: Old Designator=R33 New Designator=R44
Change Component Designator: Old Designator=R34 New Designator=R43
Change Component Designator: Old Designator=R49 New Designator=R34
Change Component Designator: Old Designator=R50 New Designator=R35
Change Component Designator: Old Designator=R55 New Designator=R23
Change Component Designator: Old Designator=RR? New Designator=RR1
Change Component Designator: Old Designator=T3 New Designator=T2
Change Component Designator: Old Designator=T4 New Designator=T3
Change Component Designator: Old Designator=U6 New Designator=U1
Change Component Designator: Old Designator=U? New Designator=U4
Change Component Designator: Old Designator=U? New Designator=U5
Change Component Designator: Old Designator=V2 New Designator=V9
Change Component Designator: Old Designator=V5 New Designator=V1
Change Component Designator: Old Designator=V8 New Designator=V13
Change Component Designator: Old Designator=V19 New Designator=V3
Change Component Designator: Old Designator=V19 New Designator=V5
Change Component Designator: Old Designator=V19 New Designator=V7
Change Component Designator: Old Designator=V20 New Designator=V2
Change Component Designator: Old Designator=V20 New Designator=V6
Change Component Designator: Old Designator=V20 New Designator=V10
Change Component Designator: Old Designator=V21 New Designator=V4
Change Component Designator: Old Designator=V21 New Designator=V8
Change Component Designator: Old Designator=V21 New Designator=V11
Change Component Designator: Old Designator=V35 New Designator=V12
Change Component Designator: Old Designator=XS4 New Designator=XS8
Change Component Designator: Old Designator=XS7 New Designator=XS6
Change Component Designator: Old Designator=XS7 New Designator=XS12
Change Component Designator: Old Designator=XS11 New Designator=XS4
Change Component Designator: Old Designator=XS11 New Designator=XS7
Change Component Designator: Old Designator=XS13 New Designator=XS10
Change Component Designator: Old Designator=XS? New Designator=XS1
Change Component Designator: Old Designator=XS? New Designator=XS2
Change Component Designator: Old Designator=XS? New Designator=XS3
Change Component Designator: Old Designator=XS? New Designator=XS5
Change Component Designator: Old Designator=XS? New Designator=XS9
Change Component Designator: Old Designator=XS? New Designator=XS11
