Change Component Designator: Old Designator=C26 New Designator=C23
Change Component Designator: Old Designator=C26 New Designator=C24
Change Component Designator: Old Designator=C27 New Designator=C25
Change Component Designator: Old Designator=C27 New Designator=C26
Change Component Designator: Old Designator=C29 New Designator=C27
Change Component Designator: Old Designator=C30 New Designator=C28
Change Component Designator: Old Designator=C35 New Designator=C30
Change Component Designator: Old Designator=C36 New Designator=C31
Change Component Designator: Old Designator=C37 New Designator=C32
Change Component Designator: Old Designator=C39 New Designator=C34
Change Component Designator: Old Designator=C40 New Designator=C35
Change Component Designator: Old Designator=C41 New Designator=C36
Change Component Designator: Old Designator=C42 New Designator=C37
Change Component Designator: Old Designator=C43 New Designator=C29
Change Component Designator: Old Designator=C44 New Designator=C38
Change Component Designator: Old Designator=C45 New Designator=C39
Change Component Designator: Old Designator=C46 New Designator=C40
Change Component Designator: Old Designator=C47 New Designator=C21
Change Component Designator: Old Designator=C47 New Designator=C22
Change Component Designator: Old Designator=C47 New Designator=C41
Change Component Designator: Old Designator=C49 New Designator=C42
Change Component Designator: Old Designator=C50 New Designator=C43
Change Component Designator: Old Designator=C51 New Designator=C44
Change Component Designator: Old Designator=C52 New Designator=C33
Change Component Designator: Old Designator=C55 New Designator=C45
Change Component Designator: Old Designator=C56 New Designator=C46
Change Component Designator: Old Designator=C58 New Designator=C47
Change Component Designator: Old Designator=C59 New Designator=C48
Change Component Designator: Old Designator=C60 New Designator=C49
Change Component Designator: Old Designator=C61 New Designator=C50
Change Component Designator: Old Designator=C62 New Designator=C51
Change Component Designator: Old Designator=C63 New Designator=C52
Change Component Designator: Old Designator=C64 New Designator=C53
Change Component Designator: Old Designator=C65 New Designator=C54
Change Component Designator: Old Designator=C66 New Designator=C55
Change Component Designator: Old Designator=C69 New Designator=C56
Change Component Designator: Old Designator=C70 New Designator=C57
Change Component Designator: Old Designator=C73 New Designator=C58
Change Component Designator: Old Designator=C74 New Designator=C59
Change Component Designator: Old Designator=C75 New Designator=C60
Change Component Designator: Old Designator=C76 New Designator=C61
Change Component Designator: Old Designator=C77 New Designator=C67
Change Component Designator: Old Designator=C78 New Designator=C62
Change Component Designator: Old Designator=C79 New Designator=C63
Change Component Designator: Old Designator=C80 New Designator=C64
Change Component Designator: Old Designator=C81 New Designator=C65
Change Component Designator: Old Designator=C82 New Designator=C66
Change Component Designator: Old Designator=N6 New Designator=N1
Change Component Part ID : Designator=N1 Old Part ID =1 New Part ID =2
Change Component Designator: Old Designator=N6 New Designator=N1
Change Component Part ID : Designator=N1 Old Part ID =2 New Part ID =1
Change Component Designator: Old Designator=R33 New Designator=R32
Change Component Designator: Old Designator=R36 New Designator=R33
Change Component Designator: Old Designator=R38 New Designator=R27
Change Component Designator: Old Designator=R38 New Designator=R34
Change Component Designator: Old Designator=R39 New Designator=R35
Change Component Designator: Old Designator=R40 New Designator=R36
Change Component Designator: Old Designator=R42 New Designator=R26
Change Component Designator: Old Designator=R42 New Designator=R28
Change Component Designator: Old Designator=R42 New Designator=R29
Change Component Designator: Old Designator=R42 New Designator=R30
Change Component Designator: Old Designator=R42 New Designator=R37
Change Component Designator: Old Designator=R43 New Designator=R31
Change Component Designator: Old Designator=R44 New Designator=R38
Change Component Designator: Old Designator=R46 New Designator=R39
Change Component Designator: Old Designator=R49 New Designator=R42
Change Component Designator: Old Designator=R50 New Designator=R43
Change Component Designator: Old Designator=R51 New Designator=R44
Change Component Designator: Old Designator=R52 New Designator=R45
Change Component Designator: Old Designator=R53 New Designator=R46
Change Component Designator: Old Designator=R54 New Designator=R47
Change Component Designator: Old Designator=R55 New Designator=R48
Change Component Designator: Old Designator=R57 New Designator=R51
Change Component Designator: Old Designator=R59 New Designator=R52
Change Component Designator: Old Designator=R62 New Designator=R53
Change Component Designator: Old Designator=R63 New Designator=R54
Change Component Designator: Old Designator=R64 New Designator=R40
Change Component Designator: Old Designator=R65 New Designator=R41
Change Component Designator: Old Designator=R66 New Designator=R55
Change Component Designator: Old Designator=R67 New Designator=R56
Change Component Designator: Old Designator=R68 New Designator=R57
Change Component Designator: Old Designator=R71 New Designator=R58
Change Component Designator: Old Designator=R72 New Designator=R59
Change Component Designator: Old Designator=R73 New Designator=R60
Change Component Designator: Old Designator=R74 New Designator=R61
Change Component Designator: Old Designator=R75 New Designator=R62
Change Component Designator: Old Designator=R76 New Designator=R63
Change Component Designator: Old Designator=R77 New Designator=R64
Change Component Designator: Old Designator=R78 New Designator=R65
Change Component Designator: Old Designator=R79 New Designator=R49
Change Component Designator: Old Designator=R80 New Designator=R50
Change Component Designator: Old Designator=R81 New Designator=R66
Change Component Designator: Old Designator=R86 New Designator=R67
Change Component Designator: Old Designator=R87 New Designator=R68
Change Component Designator: Old Designator=R88 New Designator=R69
Change Component Designator: Old Designator=R89 New Designator=R70
Change Component Designator: Old Designator=R90 New Designator=R71
Change Component Designator: Old Designator=R91 New Designator=R72
Change Component Designator: Old Designator=R92 New Designator=R73
Change Component Designator: Old Designator=R93 New Designator=R74
Change Component Designator: Old Designator=R94 New Designator=R75
Change Component Designator: Old Designator=R95 New Designator=R76
Change Component Designator: Old Designator=R96 New Designator=R77
Change Component Designator: Old Designator=R97 New Designator=R78
Change Component Designator: Old Designator=R98 New Designator=R79
Change Component Designator: Old Designator=R99 New Designator=R80
Change Component Designator: Old Designator=R100 New Designator=R81
Change Component Designator: Old Designator=R101 New Designator=R82
Change Component Designator: Old Designator=R102 New Designator=R83
Change Component Designator: Old Designator=R103 New Designator=R84
Change Component Designator: Old Designator=SP4 New Designator=SP1
Change Component Designator: Old Designator=U3 New Designator=U2
Change Component Designator: Old Designator=U4 New Designator=U3
Change Component Designator: Old Designator=U5 New Designator=U4
Change Component Designator: Old Designator=U6 New Designator=U5
Change Component Designator: Old Designator=U7 New Designator=U6
Change Component Designator: Old Designator=U8 New Designator=U7
Change Component Designator: Old Designator=V2 New Designator=V5
Change Component Designator: Old Designator=V2 New Designator=V6
Change Component Designator: Old Designator=V3 New Designator=V4
Change Component Designator: Old Designator=V4 New Designator=V7
Change Component Designator: Old Designator=V5 New Designator=V1
Change Component Designator: Old Designator=V5 New Designator=V2
Change Component Designator: Old Designator=V5 New Designator=V8
Change Component Designator: Old Designator=V6 New Designator=V3
Change Component Designator: Old Designator=V6 New Designator=V9
Change Component Designator: Old Designator=V9 New Designator=V10
Change Component Designator: Old Designator=V15 New Designator=V12
Change Component Designator: Old Designator=V16 New Designator=V13
Change Component Designator: Old Designator=V17 New Designator=V14
Change Component Designator: Old Designator=XS9 New Designator=XS11
Change Component Designator: Old Designator=XS10 New Designator=XS8
Change Component Designator: Old Designator=XS11 New Designator=XS12
Change Component Designator: Old Designator=XS12 New Designator=XS10
Change Component Designator: Old Designator=XS14 New Designator=XS13
Change Component Designator: Old Designator=XS17 New Designator=XS14
Change Component Designator: Old Designator=XS18 New Designator=XS15
Change Component Designator: Old Designator=XS19 New Designator=XS16
Change Component Designator: Old Designator=XS? New Designator=XS7
Change Component Designator: Old Designator=XS? New Designator=XS9
