Added Component: Designator=B1(蜂鸣器-3)
Added Component: Designator=B2(电池-3.6V-30maH)
Added Component: Designator=BD1(R0805)
Added Component: Designator=BD2(R0805)
Added Component: Designator=BD3(R0805)
Added Component: Designator=BD4(R0805)
Added Component: Designator=BD5(R0805)
Added Component: Designator=C1(C0805)
Added Component: Designator=C2(贴片铝电解电容-F5)
Added Component: Designator=C3(C0805)
Added Component: Designator=C4(C0805)
Added Component: Designator=C5(C0805)
Added Component: Designator=C6(C0805)
Added Component: Designator=C7(C0805)
Added Component: Designator=C8(贴片铝电解电容-F5)
Added Component: Designator=C9(C0805)
Added Component: Designator=C10(C0805)
Added Component: Designator=C11(C0805)
Added Component: Designator=C12(C0805)
Added Component: Designator=C13(贴片铝电解电容-F5)
Added Component: Designator=C14(C0805)
Added Component: Designator=C15(C0805)
Added Component: Designator=C16(C0805)
Added Component: Designator=C17(C0805)
Added Component: Designator=C18(C0805)
Added Component: Designator=C19(C0805)
Added Component: Designator=C20(C0805)
Added Component: Designator=C21(C0805)
Added Component: Designator=C22(RB2.5-5)
Added Component: Designator=C23(C0805)
Added Component: Designator=C24(C0805)
Added Component: Designator=C25(C0805)
Added Component: Designator=C26(RB2.5-5)
Added Component: Designator=C27(C0805)
Added Component: Designator=C28(C0805)
Added Component: Designator=C29(电容100UF/16V)
Added Component: Designator=C30(c0805)
Added Component: Designator=C31(RB2.5-5)
Added Component: Designator=C32(C0805)
Added Component: Designator=C33(C0805)
Added Component: Designator=C35(C0805)
Added Component: Designator=C36(C0805)
Added Component: Designator=C37(C0805)
Added Component: Designator=C39(C0805)
Added Component: Designator=C40(CAP-A(3216))
Added Component: Designator=C41(C0805)
Added Component: Designator=C42(C0805)
Added Component: Designator=C43(C0805)
Added Component: Designator=C44(C0805)
Added Component: Designator=C45(C0805)
Added Component: Designator=C46(C0805)
Added Component: Designator=C47(C0805)
Added Component: Designator=C48(C0805)
Added Component: Designator=C49(C0805)
Added Component: Designator=C50(C0805)
Added Component: Designator=C51(C0805)
Added Component: Designator=C52(CAP-A(3216))
Added Component: Designator=C53(C0805)
Added Component: Designator=C54(CAP-A(3216))
Added Component: Designator=C55(C0805)
Added Component: Designator=C56(C0805)
Added Component: Designator=C57(C0805)
Added Component: Designator=C58(C0805)
Added Component: Designator=C59(C0805)
Added Component: Designator=C60(C0805)
Added Component: Designator=C61(C0805)
Added Component: Designator=C62(C0805)
Added Component: Designator=C63(C0805)
Added Component: Designator=C64(C0805)
Added Component: Designator=C65(C0805)
Added Component: Designator=C66(C0805)
Added Component: Designator=C67(C0805)
Added Component: Designator=C68(C0805)
Added Component: Designator=C69(RB2.5-5)
Added Component: Designator=C70(C0805)
Added Component: Designator=C71(C0805)
Added Component: Designator=C72(C0805)
Added Component: Designator=C73(C0805)
Added Component: Designator=C74(C0805)
Added Component: Designator=C75(C0805)
Added Component: Designator=C76(电容47UF/25V)
Added Component: Designator=C77(C0805)
Added Component: Designator=C78(电容100UF/16V)
Added Component: Designator=C79(C0805)
Added Component: Designator=C80(C0805)
Added Component: Designator=D1(DO-214AC)
Added Component: Designator=D2(IN4148)
Added Component: Designator=D3(DO-214AC)
Added Component: Designator=L1(贴片电感-F12)
Added Component: Designator=L2(贴片电感-MHC06030)
Added Component: Designator=LED1(2012)
Added Component: Designator=LED2(2012)
Added Component: Designator=LED3(2012)
Added Component: Designator=LED4(2012)
Added Component: Designator=LED5(2012)
Added Component: Designator=LED6(2012)
Added Component: Designator=LED7(2012)
Added Component: Designator=N1(DIP-4)
Added Component: Designator=N2(DIP-4)
Added Component: Designator=N3(SO-16)
Added Component: Designator=Q1(TO-252)
Added Component: Designator=Q2(TO-252)
Added Component: Designator=Q3(TO-252)
Added Component: Designator=Q4(SO8)
Added Component: Designator=Q5(SO8)
Added Component: Designator=Q6(三极管)
Added Component: Designator=R1(1206)
Added Component: Designator=R2(2512)
Added Component: Designator=R3(R0805)
Added Component: Designator=R4(R0805)
Added Component: Designator=R5(R0805)
Added Component: Designator=R6(R0805)
Added Component: Designator=R7(R0805)
Added Component: Designator=R8(R0805)
Added Component: Designator=R9(2512)
Added Component: Designator=R10(R0805)
Added Component: Designator=R11(R0805)
Added Component: Designator=R12(R0805)
Added Component: Designator=R13(R0805)
Added Component: Designator=R14(R0805)
Added Component: Designator=R15(R0805)
Added Component: Designator=R16(R0805)
Added Component: Designator=R17(R0805)
Added Component: Designator=R18(R0805)
Added Component: Designator=R19(R0805)
Added Component: Designator=R20(R0805)
Added Component: Designator=R21(R0805)
Added Component: Designator=R22(R0805)
Added Component: Designator=R23(R0805)
Added Component: Designator=R24(R0805)
Added Component: Designator=R25(R0805)
Added Component: Designator=R26(R0805)
Added Component: Designator=R27(R0805)
Added Component: Designator=R28(R0805)
Added Component: Designator=R29(R0805)
Added Component: Designator=R30(R0805)
Added Component: Designator=R31(R0805)
Added Component: Designator=R32(R0805)
Added Component: Designator=R33(R0805)
Added Component: Designator=R34(R0805)
Added Component: Designator=R35(R0805)
Added Component: Designator=R36(R0805)
Added Component: Designator=R37(R0805)
Added Component: Designator=R38(R0805)
Added Component: Designator=R39(R0805)
Added Component: Designator=R40(R0805)
Added Component: Designator=R41(R0805)
Added Component: Designator=R42(R0805)
Added Component: Designator=R43(R0805)
Added Component: Designator=R44(R0805)
Added Component: Designator=R45(R0805)
Added Component: Designator=R46(R0805)
Added Component: Designator=R47(R0805)
Added Component: Designator=R48(R0805)
Added Component: Designator=R49(R0805)
Added Component: Designator=R50(R0805)
Added Component: Designator=R51(R0805)
Added Component: Designator=R52(R0805)
Added Component: Designator=R53(R0805)
Added Component: Designator=R54(R0805)
Added Component: Designator=R55(R0805)
Added Component: Designator=R56(R0805)
Added Component: Designator=R57(R0805)
Added Component: Designator=R58(R0805)
Added Component: Designator=R59(R0805)
Added Component: Designator=R60(R0805)
Added Component: Designator=R61(R0805)
Added Component: Designator=R62(R0805)
Added Component: Designator=R63(R0805)
Added Component: Designator=R64(R0805)
Added Component: Designator=R65(R0805)
Added Component: Designator=R66(R0805)
Added Component: Designator=R67(R0805)
Added Component: Designator=R68(R0805)
Added Component: Designator=R69(R0805)
Added Component: Designator=R70(R0805)
Added Component: Designator=R71(R0805)
Added Component: Designator=R72(R0805)
Added Component: Designator=R73(R0805)
Added Component: Designator=R74(R0805)
Added Component: Designator=R75(R0805)
Added Component: Designator=R76(R0805)
Added Component: Designator=R77(R0805)
Added Component: Designator=R78(R0805)
Added Component: Designator=R79(R0805)
Added Component: Designator=R80(R0805)
Added Component: Designator=R81(R0805)
Added Component: Designator=R82(R0805)
Added Component: Designator=R83(R0805)
Added Component: Designator=R84(R0805)
Added Component: Designator=R85(R0805)
Added Component: Designator=R86(R0805)
Added Component: Designator=R87(R0805)
Added Component: Designator=R88(R0805)
Added Component: Designator=R89(R0805)
Added Component: Designator=R90(R0805)
Added Component: Designator=R91(R0805)
Added Component: Designator=R92(R0805)
Added Component: Designator=R93(R0805)
Added Component: Designator=R94(R0805)
Added Component: Designator=R95(R0805)
Added Component: Designator=R96(R0805)
Added Component: Designator=R97(R0805)
Added Component: Designator=R98(R0805)
Added Component: Designator=R99(R0805)
Added Component: Designator=RR1(SIP-9)
Added Component: Designator=SP1(SOIC-16(WIDE))
Added Component: Designator=SP2(SOIC-16(WIDE))
Added Component: Designator=SP3(SOIC-16(WIDE))
Added Component: Designator=SP4(MS5805-02BA01)
Added Component: Designator=T1(DO-214AA(SMB)双向)
Added Component: Designator=T2(DO-214AA(SMB)双向)
Added Component: Designator=T3(T0805)
Added Component: Designator=T4(T0805)
Added Component: Designator=U1(QFN24)
Added Component: Designator=U2(SOIC-8)
Added Component: Designator=U4(SOIC-8)
Added Component: Designator=U5(LQFP100-手工)
Added Component: Designator=U7(SOP-8)
Added Component: Designator=V1(三极管)
Added Component: Designator=V2(DC/DC模块接口)
Added Component: Designator=V3(SOT223)
Added Component: Designator=V4(SOIC-8N)
Added Component: Designator=V5(IN4148)
Added Component: Designator=V6(三极管)
Added Component: Designator=V7(IN4148)
Added Component: Designator=V8(SOIC-8N)
Added Component: Designator=V9(IN4148)
Added Component: Designator=V10(三极管)
Added Component: Designator=V11(三极管)
Added Component: Designator=V12(IN4148)
Added Component: Designator=V13(SOIC-8N)
Added Component: Designator=V14(三极管)
Added Component: Designator=V15(三极管)
Added Component: Designator=V16(三极管)
Added Component: Designator=V17(三极管)
Added Component: Designator=X1(石英晶振)
Added Component: Designator=XS1(VH-2A)
Added Component: Designator=XS2(VH-3A)
Added Component: Designator=XS3(VH-2A)
Added Component: Designator=XS4(TJC3-6A)
Added Component: Designator=XS5(VH-2A)
Added Component: Designator=XS6(VH-2WA)
Added Component: Designator=XS7(TJC3-2A)
Added Component: Designator=XS8(TJC3-2A)
Added Component: Designator=XS9(TJC3-5A)
Added Component: Designator=XS10(TJC3-3A)
Added Component: Designator=XS11(TJC3-7A)
Added Component: Designator=XS12(TJC3-3A)
Added Component: Designator=XS13(TJC3-4A)
Added Component: Designator=XS14(TJC3-4A)
Added Component: Designator=XS15(TJC3-4A)
Added Component: Designator=XS16(MICROSD)
Added Component: Designator=XS17(TJC3-4A)
Added Component: Designator=XS18(TJC3-3A)
Added Pin To Net: NetName=GND Pin=B1-2
Added Pin To Net: NetName=GND Pin=B2-2
Added Pin To Net: NetName=GND Pin=C1-1
Added Pin To Net: NetName=VCC Pin=C1-2
Added Pin To Net: NetName=VCC Pin=C2-1
Added Pin To Net: NetName=GND Pin=C2-2
Added Pin To Net: NetName=GND Pin=C3-1
Added Pin To Net: NetName=NetC4_1 Pin=C4-1
Added Pin To Net: NetName=GND Pin=C5-1
Added Pin To Net: NetName=+25.2VIN Pin=C5-2
Added Pin To Net: NetName=VCC Pin=C6-2
Added Pin To Net: NetName=VCC Pin=C7-2
Added Pin To Net: NetName=+25.2VIN Pin=C8-1
Added Pin To Net: NetName=GND Pin=C8-2
Added Pin To Net: NetName=GND Pin=C9-1
Added Pin To Net: NetName=BTST Pin=C10-2
Added Pin To Net: NetName=VREF Pin=C11-1
Added Pin To Net: NetName=GND Pin=C11-2
Added Pin To Net: NetName=GND Pin=C12-1
Added Pin To Net: NetName=GND Pin=C13-2
Added Pin To Net: NetName=GND Pin=C14-2
Added Pin To Net: NetName=GND Pin=C15-2
Added Pin To Net: NetName=GND Pin=C16-1
Added Pin To Net: NetName=NetC16_2 Pin=C16-2
Added Pin To Net: NetName=NetC16_2 Pin=C17-2
Added Pin To Net: NetName=NetC18_2 Pin=C18-2
Added Pin To Net: NetName=BAT_V Pin=C19-1
Added Pin To Net: NetName=GND Pin=C19-2
Added Pin To Net: NetName=REGN Pin=C20-1
Added Pin To Net: NetName=GND Pin=C20-2
Added Pin To Net: NetName=GND Pin=C21-2
Added Pin To Net: NetName=GND Pin=C26-2
Added Pin To Net: NetName=GND Pin=C27-1
Added Pin To Net: NetName=GND Pin=C28-2
Added Pin To Net: NetName=GND Pin=C29-2
Added Pin To Net: NetName=GND Pin=C30-1
Added Pin To Net: NetName=GND Pin=C31-2
Added Pin To Net: NetName=GND Pin=C32-2
Added Pin To Net: NetName=GND Pin=C35-2
Added Pin To Net: NetName=GND Pin=C36-1
Added Pin To Net: NetName=GND Pin=C37-1
Added Pin To Net: NetName=GND Pin=C39-2
Added Pin To Net: NetName=GND Pin=C40-2
Added Pin To Net: NetName=GND Pin=C41-2
Added Pin To Net: NetName=GND Pin=C42-2
Added Pin To Net: NetName=GND Pin=C43-2
Added Pin To Net: NetName=GND Pin=C44-2
Added Pin To Net: NetName=GND Pin=C45-2
Added Pin To Net: NetName=GND Pin=C46-1
Added Pin To Net: NetName=GND Pin=C47-2
Added Pin To Net: NetName=GND Pin=C48-2
Added Pin To Net: NetName=GND Pin=C49-2
Added Pin To Net: NetName=GND Pin=C50-2
Added Pin To Net: NetName=GND Pin=C51-2
Added Pin To Net: NetName=GND Pin=C52-2
Added Pin To Net: NetName=GND Pin=C53-2
Added Pin To Net: NetName=GND Pin=C54-2
Added Pin To Net: NetName=GND Pin=C55-1
Added Pin To Net: NetName=GND Pin=C56-2
Added Pin To Net: NetName=GND Pin=C57-2
Added Pin To Net: NetName=GND Pin=C58-1
Added Pin To Net: NetName=GND Pin=C59-2
Added Pin To Net: NetName=GND Pin=C60-1
Added Pin To Net: NetName=GND Pin=C61-2
Added Pin To Net: NetName=GND Pin=C62-2
Added Pin To Net: NetName=GND Pin=C63-2
Added Pin To Net: NetName=GND Pin=C64-2
Added Pin To Net: NetName=GND Pin=C65-2
Added Pin To Net: NetName=GND Pin=C66-2
Added Pin To Net: NetName=GND Pin=C67-2
Added Pin To Net: NetName=GND Pin=C68-2
Added Pin To Net: NetName=GND Pin=C69-2
Added Pin To Net: NetName=GND Pin=C70-1
Added Pin To Net: NetName=GND Pin=C72-1
Added Pin To Net: NetName=GND Pin=C75-1
Added Pin To Net: NetName=GND Pin=C76-2
Added Pin To Net: NetName=GND Pin=C77-2
Added Pin To Net: NetName=GND Pin=C78-2
Added Pin To Net: NetName=GND Pin=C79-1
Added Pin To Net: NetName=GND Pin=C80-2
Added Pin To Net: NetName=GND Pin=D1-1
Added Pin To Net: NetName=BAT_V Pin=D2-1
Added Pin To Net: NetName=REGN Pin=D3-1
Added Pin To Net: NetName=BTST Pin=D3-2
Added Pin To Net: NetName=NetC16_2 Pin=L1-2
Added Pin To Net: NetName=NetLED1_1 Pin=LED1-1
Added Pin To Net: NetName=PG Pin=LED1-2
Added Pin To Net: NetName=NetLED2_1 Pin=LED2-1
Added Pin To Net: NetName=STAT2 Pin=LED2-2
Added Pin To Net: NetName=NetLED3_1 Pin=LED3-1
Added Pin To Net: NetName=STAT1 Pin=LED3-2
Added Pin To Net: NetName=GND Pin=LED4-2
Added Pin To Net: NetName=GND Pin=LED5-2
Added Pin To Net: NetName=GND Pin=N1-2
Added Pin To Net: NetName=GND Pin=N2-2
Added Pin To Net: NetName=GND Pin=N2-3
Added Pin To Net: NetName=GND Pin=N3-15
Added Pin To Net: NetName=NetC4_1 Pin=Q1-1
Added Pin To Net: NetName=+25.2VIN Pin=Q1-2
Added Pin To Net: NetName=NetC4_1 Pin=Q2-1
Added Pin To Net: NetName=VCC Pin=Q3-3
Added Pin To Net: NetName=NetQ4_4 Pin=Q4-4
Added Pin To Net: NetName=VCC Pin=Q4-5
Added Pin To Net: NetName=VCC Pin=Q4-6
Added Pin To Net: NetName=VCC Pin=Q4-7
Added Pin To Net: NetName=VCC Pin=Q4-8
Added Pin To Net: NetName=GND Pin=Q5-1
Added Pin To Net: NetName=GND Pin=Q5-2
Added Pin To Net: NetName=GND Pin=Q5-3
Added Pin To Net: NetName=NetQ5_4 Pin=Q5-4
Added Pin To Net: NetName=VCC Pin=R2-2
Added Pin To Net: NetName=NetC4_1 Pin=R3-2
Added Pin To Net: NetName=VCC Pin=R4-1
Added Pin To Net: NetName=NetR5_1 Pin=R5-1
Added Pin To Net: NetName=NetC4_1 Pin=R6-1
Added Pin To Net: NetName=NetR6_2 Pin=R6-2
Added Pin To Net: NetName=NetR7_1 Pin=R7-1
Added Pin To Net: NetName=BTST Pin=R7-2
Added Pin To Net: NetName=VREF Pin=R8-2
Added Pin To Net: NetName=NetC16_2 Pin=R9-1
Added Pin To Net: NetName=NetQ4_4 Pin=R10-2
Added Pin To Net: NetName=GND Pin=R12-1
Added Pin To Net: NetName=NetC18_2 Pin=R13-1
Added Pin To Net: NetName=NetC18_2 Pin=R14-2
Added Pin To Net: NetName=BAT_V Pin=R15-1
Added Pin To Net: NetName=VREF Pin=R16-1
Added Pin To Net: NetName=ACSET Pin=R16-2
Added Pin To Net: NetName=VREF Pin=R17-1
Added Pin To Net: NetName=ISET2 Pin=R17-2
Added Pin To Net: NetName=VREF Pin=R18-1
Added Pin To Net: NetName=ISET1 Pin=R18-2
Added Pin To Net: NetName=+25.2VIN Pin=R19-1
Added Pin To Net: NetName=NetLED1_1 Pin=R19-2
Added Pin To Net: NetName=+25.2VIN Pin=R20-1
Added Pin To Net: NetName=NetLED2_1 Pin=R20-2
Added Pin To Net: NetName=+25.2VIN Pin=R21-1
Added Pin To Net: NetName=NetLED3_1 Pin=R21-2
Added Pin To Net: NetName=GND Pin=R22-1
Added Pin To Net: NetName=ISET1 Pin=R23-1
Added Pin To Net: NetName=GND Pin=R23-2
Added Pin To Net: NetName=ACSET Pin=R24-1
Added Pin To Net: NetName=GND Pin=R24-2
Added Pin To Net: NetName=ISET2 Pin=R25-1
Added Pin To Net: NetName=GND Pin=R25-2
Added Pin To Net: NetName=VCC Pin=R36-2
Added Pin To Net: NetName=GND Pin=R37-1
Added Pin To Net: NetName=+25.2VIN Pin=R39-2
Added Pin To Net: NetName=GND Pin=R41-2
Added Pin To Net: NetName=GND Pin=R48-2
Added Pin To Net: NetName=GND Pin=R55-1
Added Pin To Net: NetName=GND Pin=R61-2
Added Pin To Net: NetName=GND Pin=R79-2
Added Pin To Net: NetName=GND Pin=R97-1
Added Pin To Net: NetName=GND Pin=SP1-6
Added Pin To Net: NetName=GND Pin=SP2-6
Added Pin To Net: NetName=GND Pin=SP3-6
Added Pin To Net: NetName=GND Pin=SP4-4
Added Pin To Net: NetName=GND Pin=T1-1
Added Pin To Net: NetName=VCC Pin=T1-2
Added Pin To Net: NetName=+25.2VIN Pin=T2-1
Added Pin To Net: NetName=GND Pin=T2-2
Added Pin To Net: NetName=GND Pin=T3-1
Added Pin To Net: NetName=GND Pin=T4-1
Added Pin To Net: NetName=VCC Pin=U1-1
Added Pin To Net: NetName=NetR6_2 Pin=U1-3
Added Pin To Net: NetName=VREF Pin=U1-4
Added Pin To Net: NetName=STAT1 Pin=U1-5
Added Pin To Net: NetName=PG Pin=U1-8
Added Pin To Net: NetName=STAT2 Pin=U1-9
Added Pin To Net: NetName=VREF Pin=U1-10
Added Pin To Net: NetName=ISET1 Pin=U1-11
Added Pin To Net: NetName=NetC18_2 Pin=U1-12
Added Pin To Net: NetName=NetC16_2 Pin=U1-14
Added Pin To Net: NetName=ISET2 Pin=U1-15
Added Pin To Net: NetName=ACSET Pin=U1-16
Added Pin To Net: NetName=GND Pin=U1-17
Added Pin To Net: NetName=REGN Pin=U1-18
Added Pin To Net: NetName=NetQ5_4 Pin=U1-19
Added Pin To Net: NetName=NetR7_1 Pin=U1-22
Added Pin To Net: NetName=NetR5_1 Pin=U1-23
Added Pin To Net: NetName=GND Pin=U2-4
Added Pin To Net: NetName=GND Pin=U4-1
Added Pin To Net: NetName=GND Pin=U4-2
Added Pin To Net: NetName=GND Pin=U4-3
Added Pin To Net: NetName=GND Pin=U4-4
Added Pin To Net: NetName=GND Pin=U4-7
Added Pin To Net: NetName=GND Pin=U5-10
Added Pin To Net: NetName=GND Pin=U5-20
Added Pin To Net: NetName=BAT_V Pin=U5-25
Added Pin To Net: NetName=GND Pin=U5-27
Added Pin To Net: NetName=GND Pin=U5-74
Added Pin To Net: NetName=GND Pin=U5-99
Added Pin To Net: NetName=GND Pin=U7-5
Added Pin To Net: NetName=GND Pin=V2-1
Added Pin To Net: NetName=VCC Pin=V2-2
Added Pin To Net: NetName=GND Pin=V2-3
Added Pin To Net: NetName=GND Pin=V3-1
Added Pin To Net: NetName=VCC Pin=V4-1
Added Pin To Net: NetName=VCC Pin=V4-2
Added Pin To Net: NetName=VCC Pin=V4-3
Added Pin To Net: NetName=GND Pin=V6-E
Added Pin To Net: NetName=GND Pin=V7-1
Added Pin To Net: NetName=GND Pin=V10-E
Added Pin To Net: NetName=GND Pin=V12-1
Added Pin To Net: NetName=GND Pin=V14-E
Added Pin To Net: NetName=GND Pin=V15-E
Added Pin To Net: NetName=GND Pin=V16-E
Added Pin To Net: NetName=GND Pin=V17-E
Added Pin To Net: NetName=VCC Pin=XS1-1
Added Pin To Net: NetName=VCC Pin=XS1-2
Added Pin To Net: NetName=+25.2VIN Pin=XS2-1
Added Pin To Net: NetName=GND Pin=XS2-3
Added Pin To Net: NetName=GND Pin=XS3-2
Added Pin To Net: NetName=VCC Pin=XS5-1
Added Pin To Net: NetName=GND Pin=XS5-2
Added Pin To Net: NetName=GND Pin=XS6-2
Added Pin To Net: NetName=GND Pin=XS7-2
Added Pin To Net: NetName=GND Pin=XS8-2
Added Pin To Net: NetName=GND Pin=XS9-5
Added Pin To Net: NetName=GND Pin=XS10-1
Added Pin To Net: NetName=GND Pin=XS12-1
Added Pin To Net: NetName=GND Pin=XS13-4
Added Pin To Net: NetName=GND Pin=XS14-2
Added Pin To Net: NetName=GND Pin=XS15-4
Added Pin To Net: NetName=GND Pin=XS16-6
Added Pin To Net: NetName=GND Pin=XS17-4
Added Pin To Net: NetName=GND Pin=XS18-3
Added Pin To Net: NetName=+3.3V Pin=C29-1
Added Pin To Net: NetName=+3.3V Pin=C30-2
Added Pin To Net: NetName=+3.3V Pin=C36-2
Added Pin To Net: NetName=+3.3V Pin=C39-1
Added Pin To Net: NetName=+3.3V Pin=C40-1
Added Pin To Net: NetName=+3.3V Pin=C41-1
Added Pin To Net: NetName=+3.3V Pin=C44-1
Added Pin To Net: NetName=+3.3V Pin=C46-2
Added Pin To Net: NetName=+3.3V Pin=C47-1
Added Pin To Net: NetName=+3.3V Pin=C50-1
Added Pin To Net: NetName=+3.3V Pin=C52-1
Added Pin To Net: NetName=+3.3V Pin=C53-1
Added Pin To Net: NetName=+3.3V Pin=C56-1
Added Pin To Net: NetName=+3.3V Pin=C57-1
Added Pin To Net: NetName=+3.3V Pin=C58-2
Added Pin To Net: NetName=+3.3V Pin=C60-2
Added Pin To Net: NetName=+3.3V Pin=C67-1
Added Pin To Net: NetName=+3.3V Pin=C68-1
Added Pin To Net: NetName=+3.3V Pin=C70-2
Added Pin To Net: NetName=+3.3V Pin=C72-2
Added Pin To Net: NetName=+3.3V Pin=C74-2
Added Pin To Net: NetName=+3.3V Pin=C75-2
Added Pin To Net: NetName=+3.3V Pin=C80-1
Added Pin To Net: NetName=+3.3V Pin=N3-16
Added Pin To Net: NetName=+3.3V Pin=Q6-E
Added Pin To Net: NetName=+3.3V Pin=R29-2
Added Pin To Net: NetName=+3.3V Pin=R33-1
Added Pin To Net: NetName=+3.3V Pin=R51-1
Added Pin To Net: NetName=+3.3V Pin=R52-1
Added Pin To Net: NetName=+3.3V Pin=R57-2
Added Pin To Net: NetName=+3.3V Pin=R59-2
Added Pin To Net: NetName=+3.3V Pin=R65-1
Added Pin To Net: NetName=+3.3V Pin=R67-2
Added Pin To Net: NetName=+3.3V Pin=R68-2
Added Pin To Net: NetName=+3.3V Pin=R74-1
Added Pin To Net: NetName=+3.3V Pin=R77-2
Added Pin To Net: NetName=+3.3V Pin=R78-2
Added Pin To Net: NetName=+3.3V Pin=R80-2
Added Pin To Net: NetName=+3.3V Pin=R81-2
Added Pin To Net: NetName=+3.3V Pin=R82-1
Added Pin To Net: NetName=+3.3V Pin=R83-1
Added Pin To Net: NetName=+3.3V Pin=R84-2
Added Pin To Net: NetName=+3.3V Pin=R85-2
Added Pin To Net: NetName=+3.3V Pin=R87-2
Added Pin To Net: NetName=+3.3V Pin=R88-2
Added Pin To Net: NetName=+3.3V Pin=R93-2
Added Pin To Net: NetName=+3.3V Pin=R95-2
Added Pin To Net: NetName=+3.3V Pin=R99-2
Added Pin To Net: NetName=+3.3V Pin=RR1-1
Added Pin To Net: NetName=+3.3V Pin=SP1-7
Added Pin To Net: NetName=+3.3V Pin=SP2-7
Added Pin To Net: NetName=+3.3V Pin=SP3-7
Added Pin To Net: NetName=+3.3V Pin=SP4-1
Added Pin To Net: NetName=+3.3V Pin=U4-8
Added Pin To Net: NetName=+3.3V Pin=U5-6
Added Pin To Net: NetName=+3.3V Pin=U5-11
Added Pin To Net: NetName=+3.3V Pin=U5-19
Added Pin To Net: NetName=+3.3V Pin=U5-21
Added Pin To Net: NetName=+3.3V Pin=U5-28
Added Pin To Net: NetName=+3.3V Pin=U5-50
Added Pin To Net: NetName=+3.3V Pin=U5-75
Added Pin To Net: NetName=+3.3V Pin=U5-100
Added Pin To Net: NetName=+3.3V Pin=U7-8
Added Pin To Net: NetName=+3.3V Pin=V1-E
Added Pin To Net: NetName=+3.3V Pin=V3-2
Added Pin To Net: NetName=+3.3V Pin=V3-2
Added Pin To Net: NetName=+3.3V Pin=V11-E
Added Pin To Net: NetName=+3.3V Pin=XS9-1
Added Pin To Net: NetName=+3.3V Pin=XS13-1
Added Pin To Net: NetName=+3.3V Pin=XS15-1
Added Pin To Net: NetName=+3.3V Pin=XS16-4
Added Net: Name=+3.3V
Added Pin To Net: NetName=+5V Pin=BD3-1
Added Pin To Net: NetName=+5V Pin=C31-1
Added Pin To Net: NetName=+5V Pin=C32-1
Added Pin To Net: NetName=+5V Pin=C43-1
Added Pin To Net: NetName=+5V Pin=C51-1
Added Pin To Net: NetName=+5V Pin=C78-1
Added Pin To Net: NetName=+5V Pin=C79-2
Added Pin To Net: NetName=+5V Pin=D2-2
Added Pin To Net: NetName=+5V Pin=L2-2
Added Pin To Net: NetName=+5V Pin=R34-1
Added Pin To Net: NetName=+5V Pin=R40-2
Added Pin To Net: NetName=+5V Pin=R53-1
Added Pin To Net: NetName=+5V Pin=R54-1
Added Pin To Net: NetName=+5V Pin=R62-2
Added Pin To Net: NetName=+5V Pin=R75-2
Added Pin To Net: NetName=+5V Pin=V3-3
Added Pin To Net: NetName=+5V Pin=XS10-3
Added Pin To Net: NetName=+5V Pin=XS12-3
Added Net: Name=+5V
Added Pin To Net: NetName=+12V Pin=C21-1
Added Pin To Net: NetName=+12V Pin=C26-1
Added Pin To Net: NetName=+12V Pin=C27-2
Added Pin To Net: NetName=+12V Pin=C69-1
Added Pin To Net: NetName=+12V Pin=C76-1
Added Pin To Net: NetName=+12V Pin=R32-1
Added Pin To Net: NetName=+12V Pin=R43-2
Added Pin To Net: NetName=+12V Pin=R56-2
Added Pin To Net: NetName=+12V Pin=U2-2
Added Pin To Net: NetName=+12V Pin=V2-4
Added Pin To Net: NetName=+12V Pin=V8-1
Added Pin To Net: NetName=+12V Pin=V8-2
Added Pin To Net: NetName=+12V Pin=V8-3
Added Pin To Net: NetName=+12V Pin=V13-1
Added Pin To Net: NetName=+12V Pin=V13-2
Added Pin To Net: NetName=+12V Pin=V13-3
Added Pin To Net: NetName=+12V Pin=XS14-1
Added Net: Name=+12V
Added Pin To Net: NetName=485_RX6 Pin=U5-58
Added Pin To Net: NetName=485_RX6 Pin=U7-1
Added Net: Name=485_RX6
Added Pin To Net: NetName=485_SET Pin=U5-59
Added Pin To Net: NetName=485_SET Pin=U7-2
Added Pin To Net: NetName=485_SET Pin=U7-3
Added Net: Name=485_SET
Added Pin To Net: NetName=485_TX6 Pin=U5-57
Added Pin To Net: NetName=485_TX6 Pin=U7-4
Added Net: Name=485_TX6
Added Pin To Net: NetName=A2 Pin=R98-1
Added Pin To Net: NetName=A2 Pin=R99-1
Added Pin To Net: NetName=A2 Pin=U7-6
Added Pin To Net: NetName=A2 Pin=XS18-2
Added Net: Name=A2
Added Pin To Net: NetName=A_JY_SCLK Pin=U5-39
Added Pin To Net: NetName=A_JY_SCLK Pin=XS13-2
Added Net: Name=A_JY_SCLK
Added Pin To Net: NetName=A_JY_SDA Pin=U5-40
Added Pin To Net: NetName=A_JY_SDA Pin=XS13-3
Added Net: Name=A_JY_SDA
Added Pin To Net: NetName=A_LY_SDA Pin=R78-1
Added Pin To Net: NetName=A_LY_SDA Pin=SP2-10
Added Pin To Net: NetName=A_LY_SDA Pin=U5-67
Added Net: Name=A_LY_SDA
Added Pin To Net: NetName=B2 Pin=R97-2
Added Pin To Net: NetName=B2 Pin=R98-2
Added Pin To Net: NetName=B2 Pin=U7-7
Added Pin To Net: NetName=B2 Pin=XS18-1
Added Net: Name=B2
Added Pin To Net: NetName=B_JY_SCLK Pin=U5-37
Added Pin To Net: NetName=B_JY_SCLK Pin=XS15-2
Added Net: Name=B_JY_SCLK
Added Pin To Net: NetName=B_JY_SDA Pin=U5-38
Added Pin To Net: NetName=B_JY_SDA Pin=XS15-3
Added Net: Name=B_JY_SDA
Added Pin To Net: NetName=B_LY_SDA Pin=R81-1
Added Pin To Net: NetName=B_LY_SDA Pin=SP3-10
Added Pin To Net: NetName=B_LY_SDA Pin=U5-66
Added Net: Name=B_LY_SDA
Added Pin To Net: NetName=BACK1 Pin=R73-2
Added Pin To Net: NetName=BACK1 Pin=U5-86
Added Net: Name=BACK1
Added Pin To Net: NetName=BACK2 Pin=R72-2
Added Pin To Net: NetName=BACK2 Pin=U5-87
Added Net: Name=BACK2
Added Pin To Net: NetName=BACK3 Pin=R71-2
Added Pin To Net: NetName=BACK3 Pin=U5-88
Added Net: Name=BACK3
Added Pin To Net: NetName=BACK4 Pin=R70-2
Added Pin To Net: NetName=BACK4 Pin=U5-89
Added Net: Name=BACK4
Added Pin To Net: NetName=BACK5 Pin=R69-2
Added Pin To Net: NetName=BACK5 Pin=U5-90
Added Net: Name=BACK5
Added Pin To Net: NetName=BACK6 Pin=R64-2
Added Pin To Net: NetName=BACK6 Pin=U5-91
Added Net: Name=BACK6
Added Pin To Net: NetName=BEEP Pin=R49-1
Added Pin To Net: NetName=BEEP Pin=U5-79
Added Net: Name=BEEP
Added Pin To Net: NetName=FAN_5V Pin=N1-4
Added Pin To Net: NetName=FAN_5V Pin=XS4-1
Added Net: Name=FAN_5V
Added Pin To Net: NetName=FAN Pin=R30-1
Added Pin To Net: NetName=FAN Pin=U5-44
Added Net: Name=FAN
Added Pin To Net: NetName=G_POWKEY Pin=R94-2
Added Pin To Net: NetName=G_POWKEY Pin=U5-32
Added Net: Name=G_POWKEY
Added Pin To Net: NetName=G_RELOAD Pin=U5-36
Added Net: Name=G_RELOAD
Added Pin To Net: NetName=G_RESET Pin=U5-35
Added Net: Name=G_RESET
Added Pin To Net: NetName=G_RX1 Pin=U5-33
Added Net: Name=G_RX1
Added Pin To Net: NetName=G_TX1 Pin=U5-34
Added Net: Name=G_TX1
Added Pin To Net: NetName=GND_FAN Pin=C22-2
Added Pin To Net: NetName=GND_FAN Pin=C23-2
Added Pin To Net: NetName=GND_FAN Pin=C24-2
Added Pin To Net: NetName=GND_FAN Pin=R31-1
Added Pin To Net: NetName=GND_FAN Pin=XS4-3
Added Pin To Net: NetName=GND_FAN Pin=XS4-5
Added Net: Name=GND_FAN
Added Pin To Net: NetName=HEAT Pin=R42-2
Added Pin To Net: NetName=HEAT Pin=U5-45
Added Net: Name=HEAT
Added Pin To Net: NetName=I2C0_SCL Pin=R51-2
Added Pin To Net: NetName=I2C0_SCL Pin=U4-6
Added Pin To Net: NetName=I2C0_SCL Pin=U5-84
Added Net: Name=I2C0_SCL
Added Pin To Net: NetName=I2C0_SDA Pin=R52-2
Added Pin To Net: NetName=I2C0_SDA Pin=U4-5
Added Pin To Net: NetName=I2C0_SDA Pin=U5-83
Added Net: Name=I2C0_SDA
Added Pin To Net: NetName=LCD_RX6 Pin=N3-12
Added Pin To Net: NetName=LCD_RX6 Pin=R87-1
Added Pin To Net: NetName=LCD_RX6 Pin=U5-60
Added Net: Name=LCD_RX6
Added Pin To Net: NetName=LCD_TX6 Pin=N3-11
Added Pin To Net: NetName=LCD_TX6 Pin=R88-1
Added Pin To Net: NetName=LCD_TX6 Pin=U5-61
Added Net: Name=LCD_TX6
Added Pin To Net: NetName=LY_SCLK Pin=R67-1
Added Pin To Net: NetName=LY_SCLK Pin=R77-1
Added Pin To Net: NetName=LY_SCLK Pin=R80-1
Added Pin To Net: NetName=LY_SCLK Pin=SP1-11
Added Pin To Net: NetName=LY_SCLK Pin=SP2-11
Added Pin To Net: NetName=LY_SCLK Pin=SP3-11
Added Pin To Net: NetName=LY_SCLK Pin=U5-64
Added Net: Name=LY_SCLK
Added Pin To Net: NetName=NetB1_1 Pin=B1-1
Added Pin To Net: NetName=NetB1_1 Pin=V11-C
Added Net: Name=NetB1_1
Added Pin To Net: NetName=NetB2_1 Pin=B2-1
Added Pin To Net: NetName=NetB2_1 Pin=C37-2
Added Pin To Net: NetName=NetB2_1 Pin=R50-2
Added Net: Name=NetB2_1
Added Pin To Net: NetName=NetBD1_1 Pin=BD1-1
Added Pin To Net: NetName=NetBD1_1 Pin=N3-14
Added Net: Name=NetBD1_1
Added Pin To Net: NetName=NetBD1_2 Pin=BD1-2
Added Pin To Net: NetName=NetBD1_2 Pin=XS14-4
Added Net: Name=NetBD1_2
Added Pin To Net: NetName=NetBD2_1 Pin=BD2-1
Added Pin To Net: NetName=NetBD2_1 Pin=N3-13
Added Net: Name=NetBD2_1
Added Pin To Net: NetName=NetBD2_2 Pin=BD2-2
Added Pin To Net: NetName=NetBD2_2 Pin=XS14-3
Added Net: Name=NetBD2_2
Added Pin To Net: NetName=NetBD3_2 Pin=BD3-2
Added Pin To Net: NetName=NetBD3_2 Pin=XS17-1
Added Net: Name=NetBD3_2
Added Pin To Net: NetName=NetBD4_2 Pin=BD4-2
Added Pin To Net: NetName=NetBD4_2 Pin=T4-2
Added Pin To Net: NetName=NetBD4_2 Pin=XS17-2
Added Net: Name=NetBD4_2
Added Pin To Net: NetName=NetBD5_2 Pin=BD5-2
Added Pin To Net: NetName=NetBD5_2 Pin=T3-2
Added Pin To Net: NetName=NetBD5_2 Pin=XS17-3
Added Net: Name=NetBD5_2
Added Pin To Net: NetName=NetC3_2 Pin=C3-2
Added Pin To Net: NetName=NetC3_2 Pin=R1-2
Added Pin To Net: NetName=NetC3_2 Pin=U1-24
Added Net: Name=NetC3_2
Added Pin To Net: NetName=NetC4_2 Pin=C4-2
Added Pin To Net: NetName=NetC4_2 Pin=Q1-3
Added Pin To Net: NetName=NetC4_2 Pin=Q2-3
Added Pin To Net: NetName=NetC4_2 Pin=R1-1
Added Pin To Net: NetName=NetC4_2 Pin=R3-1
Added Net: Name=NetC4_2
Added Pin To Net: NetName=NetC6_1 Pin=C6-1
Added Pin To Net: NetName=NetC6_1 Pin=Q3-1
Added Pin To Net: NetName=NetC6_1 Pin=R4-2
Added Pin To Net: NetName=NetC6_1 Pin=R5-2
Added Net: Name=NetC6_1
Added Pin To Net: NetName=NetC7_1 Pin=C7-1
Added Pin To Net: NetName=NetC7_1 Pin=C9-2
Added Pin To Net: NetName=NetC7_1 Pin=Q2-2
Added Pin To Net: NetName=NetC7_1 Pin=R2-1
Added Pin To Net: NetName=NetC7_1 Pin=U1-2
Added Net: Name=NetC7_1
Added Pin To Net: NetName=NetC10_1 Pin=C10-1
Added Pin To Net: NetName=NetC10_1 Pin=D1-2
Added Pin To Net: NetName=NetC10_1 Pin=L1-1
Added Pin To Net: NetName=NetC10_1 Pin=Q4-1
Added Pin To Net: NetName=NetC10_1 Pin=Q4-2
Added Pin To Net: NetName=NetC10_1 Pin=Q4-3
Added Pin To Net: NetName=NetC10_1 Pin=Q5-5
Added Pin To Net: NetName=NetC10_1 Pin=Q5-6
Added Pin To Net: NetName=NetC10_1 Pin=Q5-7
Added Pin To Net: NetName=NetC10_1 Pin=Q5-8
Added Pin To Net: NetName=NetC10_1 Pin=U1-20
Added Net: Name=NetC10_1
Added Pin To Net: NetName=NetC12_2 Pin=C12-2
Added Pin To Net: NetName=NetC12_2 Pin=U1-7
Added Net: Name=NetC12_2
Added Pin To Net: NetName=NetC13_1 Pin=C13-1
Added Pin To Net: NetName=NetC13_1 Pin=C14-1
Added Pin To Net: NetName=NetC13_1 Pin=C17-1
Added Pin To Net: NetName=NetC13_1 Pin=C18-1
Added Pin To Net: NetName=NetC13_1 Pin=Q3-2
Added Pin To Net: NetName=NetC13_1 Pin=R9-2
Added Pin To Net: NetName=NetC13_1 Pin=R13-2
Added Pin To Net: NetName=NetC13_1 Pin=U1-13
Added Pin To Net: NetName=NetC13_1 Pin=XS3-1
Added Net: Name=NetC13_1
Added Pin To Net: NetName=NetC15_1 Pin=C15-1
Added Pin To Net: NetName=NetC15_1 Pin=R11-2
Added Pin To Net: NetName=NetC15_1 Pin=U1-6
Added Net: Name=NetC15_1
Added Pin To Net: NetName=NetC22_1 Pin=C22-1
Added Pin To Net: NetName=NetC22_1 Pin=C23-1
Added Pin To Net: NetName=NetC22_1 Pin=R27-2
Added Pin To Net: NetName=NetC22_1 Pin=R28-1
Added Net: Name=NetC22_1
Added Pin To Net: NetName=NetC24_1 Pin=C24-1
Added Pin To Net: NetName=NetC24_1 Pin=R28-2
Added Pin To Net: NetName=NetC24_1 Pin=XS4-2
Added Net: Name=NetC24_1
Added Pin To Net: NetName=NetC25_1 Pin=C25-1
Added Pin To Net: NetName=NetC25_1 Pin=U2-1
Added Net: Name=NetC25_1
Added Pin To Net: NetName=NetC25_2 Pin=C25-2
Added Pin To Net: NetName=NetC25_2 Pin=L2-1
Added Pin To Net: NetName=NetC25_2 Pin=U2-3
Added Net: Name=NetC25_2
Added Pin To Net: NetName=NetC28_1 Pin=C28-1
Added Pin To Net: NetName=NetC28_1 Pin=U2-8
Added Net: Name=NetC28_1
Added Pin To Net: NetName=NetC33_1 Pin=C33-1
Added Pin To Net: NetName=NetC33_1 Pin=U2-6
Added Net: Name=NetC33_1
Added Pin To Net: NetName=NetC33_2 Pin=C33-2
Added Pin To Net: NetName=NetC33_2 Pin=R41-1
Added Net: Name=NetC33_2
Added Pin To Net: NetName=NetC34_1 Pin=V7-2
Added Pin To Net: NetName=NetC34_1 Pin=V8-5
Added Pin To Net: NetName=NetC34_1 Pin=V8-6
Added Pin To Net: NetName=NetC34_1 Pin=V8-7
Added Pin To Net: NetName=NetC34_1 Pin=V8-8
Added Pin To Net: NetName=NetC34_1 Pin=XS7-1
Added Net: Name=NetC34_1
Added Pin To Net: NetName=NetC35_1 Pin=C35-1
Added Pin To Net: NetName=NetC35_1 Pin=V9-2
Added Net: Name=NetC35_1
Added Pin To Net: NetName=NetC38_1 Pin=V12-2
Added Pin To Net: NetName=NetC38_1 Pin=V13-5
Added Pin To Net: NetName=NetC38_1 Pin=V13-6
Added Pin To Net: NetName=NetC38_1 Pin=V13-7
Added Pin To Net: NetName=NetC38_1 Pin=V13-8
Added Pin To Net: NetName=NetC38_1 Pin=XS8-1
Added Net: Name=NetC38_1
Added Pin To Net: NetName=NetC42_1 Pin=C42-1
Added Pin To Net: NetName=NetC42_1 Pin=U5-73
Added Net: Name=NetC42_1
Added Pin To Net: NetName=NetC45_1 Pin=C45-1
Added Pin To Net: NetName=NetC45_1 Pin=R66-2
Added Pin To Net: NetName=NetC45_1 Pin=U5-12
Added Pin To Net: NetName=NetC45_1 Pin=X1-2
Added Net: Name=NetC45_1
Added Pin To Net: NetName=NetC49_1 Pin=C49-1
Added Pin To Net: NetName=NetC49_1 Pin=R66-1
Added Pin To Net: NetName=NetC49_1 Pin=U5-13
Added Pin To Net: NetName=NetC49_1 Pin=X1-1
Added Net: Name=NetC49_1
Added Pin To Net: NetName=NetC54_1 Pin=C54-1
Added Pin To Net: NetName=NetC54_1 Pin=C55-2
Added Pin To Net: NetName=NetC54_1 Pin=R74-2
Added Pin To Net: NetName=NetC54_1 Pin=U5-22
Added Net: Name=NetC54_1
Added Pin To Net: NetName=NetC59_1 Pin=C59-1
Added Pin To Net: NetName=NetC59_1 Pin=U5-49
Added Net: Name=NetC59_1
Added Pin To Net: NetName=NetC61_1 Pin=C61-1
Added Pin To Net: NetName=NetC61_1 Pin=R64-1
Added Pin To Net: NetName=NetC61_1 Pin=RR1-7
Added Pin To Net: NetName=NetC61_1 Pin=XS11-7
Added Net: Name=NetC61_1
Added Pin To Net: NetName=NetC62_1 Pin=C62-1
Added Pin To Net: NetName=NetC62_1 Pin=R70-1
Added Pin To Net: NetName=NetC62_1 Pin=RR1-5
Added Pin To Net: NetName=NetC62_1 Pin=XS11-5
Added Net: Name=NetC62_1
Added Pin To Net: NetName=NetC63_1 Pin=C63-1
Added Pin To Net: NetName=NetC63_1 Pin=R71-1
Added Pin To Net: NetName=NetC63_1 Pin=RR1-4
Added Pin To Net: NetName=NetC63_1 Pin=XS11-4
Added Net: Name=NetC63_1
Added Pin To Net: NetName=NetC64_1 Pin=C64-1
Added Pin To Net: NetName=NetC64_1 Pin=R72-1
Added Pin To Net: NetName=NetC64_1 Pin=RR1-3
Added Pin To Net: NetName=NetC64_1 Pin=XS11-3
Added Net: Name=NetC64_1
Added Pin To Net: NetName=NetC65_1 Pin=C65-1
Added Pin To Net: NetName=NetC65_1 Pin=RR1-6
Added Net: Name=NetC65_1
Added Pin To Net: NetName=NetC66_1 Pin=C66-1
Added Pin To Net: NetName=NetC66_1 Pin=R73-1
Added Pin To Net: NetName=NetC66_1 Pin=RR1-2
Added Pin To Net: NetName=NetC66_1 Pin=XS11-2
Added Net: Name=NetC66_1
Added Pin To Net: NetName=NetC71_1 Pin=C71-1
Added Pin To Net: NetName=NetC71_1 Pin=N3-3
Added Net: Name=NetC71_1
Added Pin To Net: NetName=NetC71_2 Pin=C71-2
Added Pin To Net: NetName=NetC71_2 Pin=N3-1
Added Net: Name=NetC71_2
Added Pin To Net: NetName=NetC73_1 Pin=C73-1
Added Pin To Net: NetName=NetC73_1 Pin=N3-5
Added Net: Name=NetC73_1
Added Pin To Net: NetName=NetC73_2 Pin=C73-2
Added Pin To Net: NetName=NetC73_2 Pin=N3-4
Added Net: Name=NetC73_2
Added Pin To Net: NetName=NetC74_1 Pin=C74-1
Added Pin To Net: NetName=NetC74_1 Pin=N3-2
Added Net: Name=NetC74_1
Added Pin To Net: NetName=NetC77_1 Pin=C77-1
Added Pin To Net: NetName=NetC77_1 Pin=N3-6
Added Net: Name=NetC77_1
Added Pin To Net: NetName=NetLED4_1 Pin=LED4-1
Added Pin To Net: NetName=NetLED4_1 Pin=R33-2
Added Net: Name=NetLED4_1
Added Pin To Net: NetName=NetLED5_1 Pin=LED5-1
Added Pin To Net: NetName=NetLED5_1 Pin=R44-2
Added Net: Name=NetLED5_1
Added Pin To Net: NetName=NetLED6_1 Pin=LED6-1
Added Pin To Net: NetName=NetLED6_1 Pin=R83-2
Added Net: Name=NetLED6_1
Added Pin To Net: NetName=NetLED6_2 Pin=LED6-2
Added Pin To Net: NetName=NetLED6_2 Pin=V16-C
Added Net: Name=NetLED6_2
Added Pin To Net: NetName=NetLED7_1 Pin=LED7-1
Added Pin To Net: NetName=NetLED7_1 Pin=R82-2
Added Net: Name=NetLED7_1
Added Pin To Net: NetName=NetLED7_2 Pin=LED7-2
Added Pin To Net: NetName=NetLED7_2 Pin=V15-C
Added Net: Name=NetLED7_2
Added Pin To Net: NetName=NetN1_1 Pin=N1-1
Added Pin To Net: NetName=NetN1_1 Pin=R26-2
Added Net: Name=NetN1_1
Added Pin To Net: NetName=NetN1_3 Pin=N1-3
Added Pin To Net: NetName=NetN1_3 Pin=R27-1
Added Pin To Net: NetName=NetN1_3 Pin=R31-2
Added Net: Name=NetN1_3
Added Pin To Net: NetName=NetN2_1 Pin=N2-1
Added Pin To Net: NetName=NetN2_1 Pin=R39-1
Added Net: Name=NetN2_1
Added Pin To Net: NetName=NetQ6_B Pin=Q6-B
Added Pin To Net: NetName=NetQ6_B Pin=R46-2
Added Net: Name=NetQ6_B
Added Pin To Net: NetName=NetQ6_C Pin=Q6-C
Added Pin To Net: NetName=NetQ6_C Pin=R44-1
Added Net: Name=NetQ6_C
Added Pin To Net: NetName=NetR8_1 Pin=R8-1
Added Pin To Net: NetName=NetR8_1 Pin=R11-1
Added Pin To Net: NetName=NetR8_1 Pin=R12-2
Added Net: Name=NetR8_1
Added Pin To Net: NetName=NetR10_1 Pin=R10-1
Added Pin To Net: NetName=NetR10_1 Pin=U1-21
Added Net: Name=NetR10_1
Added Pin To Net: NetName=NetR14_1 Pin=R14-1
Added Pin To Net: NetName=NetR14_1 Pin=R15-2
Added Pin To Net: NetName=NetR14_1 Pin=R22-2
Added Net: Name=NetR14_1
Added Pin To Net: NetName=NetR26_1 Pin=R26-1
Added Pin To Net: NetName=NetR26_1 Pin=V1-C
Added Net: Name=NetR26_1
Added Pin To Net: NetName=NetR29_1 Pin=R29-1
Added Pin To Net: NetName=NetR29_1 Pin=R30-2
Added Pin To Net: NetName=NetR29_1 Pin=V1-B
Added Net: Name=NetR29_1
Added Pin To Net: NetName=NetR32_2 Pin=R32-2
Added Pin To Net: NetName=NetR32_2 Pin=U2-7
Added Net: Name=NetR32_2
Added Pin To Net: NetName=NetR34_2 Pin=R34-2
Added Pin To Net: NetName=NetR34_2 Pin=R35-2
Added Pin To Net: NetName=NetR34_2 Pin=U2-5
Added Net: Name=NetR34_2
Added Pin To Net: NetName=NetR35_1 Pin=R35-1
Added Pin To Net: NetName=NetR35_1 Pin=R37-2
Added Net: Name=NetR35_1
Added Pin To Net: NetName=NetR36_1 Pin=R36-1
Added Pin To Net: NetName=NetR36_1 Pin=R38-2
Added Pin To Net: NetName=NetR36_1 Pin=V4-4
Added Net: Name=NetR36_1
Added Pin To Net: NetName=NetR38_1 Pin=R38-1
Added Pin To Net: NetName=NetR38_1 Pin=V6-C
Added Net: Name=NetR38_1
Added Pin To Net: NetName=NetR42_1 Pin=R42-1
Added Pin To Net: NetName=NetR42_1 Pin=V5-1
Added Net: Name=NetR42_1
Added Pin To Net: NetName=NetR43_1 Pin=R43-1
Added Pin To Net: NetName=NetR43_1 Pin=R45-1
Added Pin To Net: NetName=NetR43_1 Pin=V8-4
Added Net: Name=NetR43_1
Added Pin To Net: NetName=NetR45_2 Pin=R45-2
Added Pin To Net: NetName=NetR45_2 Pin=V10-C
Added Net: Name=NetR45_2
Added Pin To Net: NetName=NetR47_1 Pin=R47-1
Added Pin To Net: NetName=NetR47_1 Pin=R48-1
Added Pin To Net: NetName=NetR47_1 Pin=V10-B
Added Net: Name=NetR47_1
Added Pin To Net: NetName=NetR49_2 Pin=R49-2
Added Pin To Net: NetName=NetR49_2 Pin=V11-B
Added Net: Name=NetR49_2
Added Pin To Net: NetName=NetR50_1 Pin=R50-1
Added Net: Name=NetR50_1
Added Pin To Net: NetName=NetR55_2 Pin=R55-2
Added Pin To Net: NetName=NetR55_2 Pin=U5-94
Added Net: Name=NetR55_2
Added Pin To Net: NetName=NetR56_1 Pin=R56-1
Added Pin To Net: NetName=NetR56_1 Pin=R58-1
Added Pin To Net: NetName=NetR56_1 Pin=V13-4
Added Net: Name=NetR56_1
Added Pin To Net: NetName=NetR57_1 Pin=R57-1
Added Pin To Net: NetName=NetR57_1 Pin=XS9-2
Added Net: Name=NetR57_1
Added Pin To Net: NetName=NetR58_2 Pin=R58-2
Added Pin To Net: NetName=NetR58_2 Pin=V14-C
Added Net: Name=NetR58_2
Added Pin To Net: NetName=NetR59_1 Pin=R59-1
Added Pin To Net: NetName=NetR59_1 Pin=XS9-3
Added Net: Name=NetR59_1
Added Pin To Net: NetName=NetR60_1 Pin=R60-1
Added Pin To Net: NetName=NetR60_1 Pin=R61-1
Added Pin To Net: NetName=NetR60_1 Pin=V14-B
Added Net: Name=NetR60_1
Added Pin To Net: NetName=NetR62_1 Pin=R62-1
Added Pin To Net: NetName=NetR62_1 Pin=R63-2
Added Pin To Net: NetName=NetR62_1 Pin=XS10-2
Added Net: Name=NetR62_1
Added Pin To Net: NetName=NetR69_1 Pin=R69-1
Added Pin To Net: NetName=NetR69_1 Pin=XS11-6
Added Net: Name=NetR69_1
Added Pin To Net: NetName=NetR75_1 Pin=R75-1
Added Pin To Net: NetName=NetR75_1 Pin=R76-2
Added Pin To Net: NetName=NetR75_1 Pin=XS12-2
Added Net: Name=NetR75_1
Added Pin To Net: NetName=NetR79_1 Pin=R79-1
Added Pin To Net: NetName=NetR79_1 Pin=XS11-1
Added Net: Name=NetR79_1
Added Pin To Net: NetName=NetR84_1 Pin=R84-1
Added Pin To Net: NetName=NetR84_1 Pin=R86-1
Added Pin To Net: NetName=NetR84_1 Pin=XS16-2
Added Net: Name=NetR84_1
Added Pin To Net: NetName=NetR85_1 Pin=R85-1
Added Pin To Net: NetName=NetR85_1 Pin=XS16-1
Added Net: Name=NetR85_1
Added Pin To Net: NetName=NetR89_1 Pin=R89-1
Added Pin To Net: NetName=NetR89_1 Pin=V15-B
Added Net: Name=NetR89_1
Added Pin To Net: NetName=NetR89_2 Pin=R89-2
Added Net: Name=NetR89_2
Added Pin To Net: NetName=NetR90_1 Pin=R90-1
Added Pin To Net: NetName=NetR90_1 Pin=XS16-3
Added Net: Name=NetR90_1
Added Pin To Net: NetName=NetR91_1 Pin=R91-1
Added Pin To Net: NetName=NetR91_1 Pin=XS16-5
Added Net: Name=NetR91_1
Added Pin To Net: NetName=NetR92_1 Pin=R92-1
Added Pin To Net: NetName=NetR92_1 Pin=XS16-7
Added Net: Name=NetR92_1
Added Pin To Net: NetName=NetR93_1 Pin=R93-1
Added Pin To Net: NetName=NetR93_1 Pin=XS16-8
Added Net: Name=NetR93_1
Added Pin To Net: NetName=NetR94_1 Pin=R94-1
Added Pin To Net: NetName=NetR94_1 Pin=V17-B
Added Net: Name=NetR94_1
Added Pin To Net: NetName=NetR95_1 Pin=R95-1
Added Pin To Net: NetName=NetR95_1 Pin=R96-1
Added Pin To Net: NetName=NetR95_1 Pin=XS16-9
Added Net: Name=NetR95_1
Added Pin To Net: NetName=NetU6_10 Pin=V17-C
Added Net: Name=NetU6_10
Added Pin To Net: NetName=NetU6_15 Pin=V16-B
Added Net: Name=NetU6_15
Added Pin To Net: NetName=NetV4_5 Pin=V4-5
Added Pin To Net: NetName=NetV4_5 Pin=V4-6
Added Pin To Net: NetName=NetV4_5 Pin=V4-7
Added Pin To Net: NetName=NetV4_5 Pin=V4-8
Added Pin To Net: NetName=NetV4_5 Pin=XS6-1
Added Net: Name=NetV4_5
Added Pin To Net: NetName=NetV5_2 Pin=V5-2
Added Pin To Net: NetName=NetV5_2 Pin=V6-B
Added Net: Name=NetV5_2
Added Pin To Net: NetName=NRST Pin=C48-1
Added Pin To Net: NetName=NRST Pin=R65-2
Added Pin To Net: NetName=NRST Pin=U5-14
Added Pin To Net: NetName=NRST Pin=XS9-4
Added Net: Name=NRST
Added Pin To Net: NetName=OK Pin=R46-1
Added Pin To Net: NetName=OK Pin=U5-78
Added Net: Name=OK
Added Pin To Net: NetName=PA13_JTMS Pin=U5-72
Added Net: Name=PA13_JTMS
Added Pin To Net: NetName=PA14_JTCK Pin=U5-76
Added Net: Name=PA14_JTCK
Added Pin To Net: NetName=POWER_TEST Pin=N2-4
Added Pin To Net: NetName=POWER_TEST Pin=R40-1
Added Pin To Net: NetName=POWER_TEST Pin=U5-30
Added Net: Name=POWER_TEST
Added Pin To Net: NetName=PUMP_A Pin=R47-2
Added Pin To Net: NetName=PUMP_A Pin=U5-47
Added Net: Name=PUMP_A
Added Pin To Net: NetName=PUMP_B Pin=R60-2
Added Pin To Net: NetName=PUMP_B Pin=U5-46
Added Net: Name=PUMP_B
Added Pin To Net: NetName=QY_SCLK Pin=SP4-2
Added Pin To Net: NetName=QY_SCLK Pin=U5-62
Added Net: Name=QY_SCLK
Added Pin To Net: NetName=QY_SDA Pin=SP4-3
Added Pin To Net: NetName=QY_SDA Pin=U5-63
Added Net: Name=QY_SDA
Added Pin To Net: NetName=SD_CD Pin=R96-2
Added Pin To Net: NetName=SD_CD Pin=U5-55
Added Net: Name=SD_CD
Added Pin To Net: NetName=SD_CS Pin=R86-2
Added Pin To Net: NetName=SD_CS Pin=U5-54
Added Net: Name=SD_CS
Added Pin To Net: NetName=SD_MISO Pin=R92-2
Added Pin To Net: NetName=SD_MISO Pin=U5-51
Added Net: Name=SD_MISO
Added Pin To Net: NetName=SD_MOSI Pin=R90-2
Added Pin To Net: NetName=SD_MOSI Pin=U5-53
Added Net: Name=SD_MOSI
Added Pin To Net: NetName=SD_SCK Pin=R91-2
Added Pin To Net: NetName=SD_SCK Pin=U5-52
Added Net: Name=SD_SCK
Added Pin To Net: NetName=T_SCL Pin=R53-2
Added Pin To Net: NetName=T_SCL Pin=U5-82
Added Net: Name=T_SCL
Added Pin To Net: NetName=T_SDA Pin=R54-2
Added Pin To Net: NetName=T_SDA Pin=U5-81
Added Net: Name=T_SDA
Added Pin To Net: NetName=TEMP-BOX Pin=R76-1
Added Pin To Net: NetName=TEMP-BOX Pin=U5-42
Added Net: Name=TEMP-BOX
Added Pin To Net: NetName=TEMP-H Pin=R63-1
Added Pin To Net: NetName=TEMP-H Pin=U5-41
Added Net: Name=TEMP-H
Added Pin To Net: NetName=TSP_LY_SDA Pin=R68-1
Added Pin To Net: NetName=TSP_LY_SDA Pin=SP1-10
Added Pin To Net: NetName=TSP_LY_SDA Pin=U5-65
Added Net: Name=TSP_LY_SDA
Added Pin To Net: NetName=USB_D+ Pin=BD5-1
Added Pin To Net: NetName=USB_D+ Pin=U5-71
Added Net: Name=USB_D+
Added Pin To Net: NetName=USB_D- Pin=BD4-1
Added Pin To Net: NetName=USB_D- Pin=U5-70
Added Net: Name=USB_D-
Change Class Name : Old Net Name=ZR-3922-CHARGE-MB-V1.0 New Net Name=ZR-3922-CHARGE-V1.0
Added Class: Name=ZR-3922-MB-V1.0-1
Added Member To Class: ClassName=ZR-3922-CHARGE-V1.0 Member=Component C1 0.1uF
Added Member To Class: ClassName=ZR-3922-CHARGE-V1.0 Member=Component C2 22uF/50V
Added Member To Class: ClassName=ZR-3922-CHARGE-V1.0 Member=Component C3 1uF
Added Member To Class: ClassName=ZR-3922-CHARGE-V1.0 Member=Component C4 0.1uF
Added Member To Class: ClassName=ZR-3922-CHARGE-V1.0 Member=Component C5 0.1uF
Added Member To Class: ClassName=ZR-3922-CHARGE-V1.0 Member=Component C6 0.1uF
Added Member To Class: ClassName=ZR-3922-CHARGE-V1.0 Member=Component C7 0.1uF
Added Member To Class: ClassName=ZR-3922-CHARGE-V1.0 Member=Component C8 22uF/50V
Added Member To Class: ClassName=ZR-3922-CHARGE-V1.0 Member=Component C9 0.1uF
Added Member To Class: ClassName=ZR-3922-CHARGE-V1.0 Member=Component C10 0.1uF
Added Member To Class: ClassName=ZR-3922-CHARGE-V1.0 Member=Component C11 1uF
Added Member To Class: ClassName=ZR-3922-CHARGE-V1.0 Member=Component C12 47nF
Added Member To Class: ClassName=ZR-3922-CHARGE-V1.0 Member=Component C13 22uF/50V
Added Member To Class: ClassName=ZR-3922-CHARGE-V1.0 Member=Component C14 0.1uF
Added Member To Class: ClassName=ZR-3922-CHARGE-V1.0 Member=Component C15 0.1uF
Added Member To Class: ClassName=ZR-3922-CHARGE-V1.0 Member=Component C16 0.1uF
Added Member To Class: ClassName=ZR-3922-CHARGE-V1.0 Member=Component C17 0.1uF
Added Member To Class: ClassName=ZR-3922-CHARGE-V1.0 Member=Component C18 22pF
Added Member To Class: ClassName=ZR-3922-CHARGE-V1.0 Member=Component C19 0.1uF
Added Member To Class: ClassName=ZR-3922-CHARGE-V1.0 Member=Component C20 1uF
Added Member To Class: ClassName=ZR-3922-CHARGE-V1.0 Member=Component D1 SS14
Added Member To Class: ClassName=ZR-3922-CHARGE-V1.0 Member=Component D2 1N4148
Added Member To Class: ClassName=ZR-3922-CHARGE-V1.0 Member=Component D3 SS14
Added Member To Class: ClassName=ZR-3922-CHARGE-V1.0 Member=Component L1 6.8uH/9A
Added Member To Class: ClassName=ZR-3922-CHARGE-V1.0 Member=Component LED1 GREEN
Added Member To Class: ClassName=ZR-3922-CHARGE-V1.0 Member=Component LED2 GREEN
Added Member To Class: ClassName=ZR-3922-CHARGE-V1.0 Member=Component LED3 GREEN
Added Member To Class: ClassName=ZR-3922-CHARGE-V1.0 Member=Component Q1 IRFR5305
Added Member To Class: ClassName=ZR-3922-CHARGE-V1.0 Member=Component Q2 IRFR5305
Added Member To Class: ClassName=ZR-3922-CHARGE-V1.0 Member=Component Q3 IRFR5305
Added Member To Class: ClassName=ZR-3922-CHARGE-V1.0 Member=Component Q4 FDS8447
Added Member To Class: ClassName=ZR-3922-CHARGE-V1.0 Member=Component Q5 FDS8447
Added Member To Class: ClassName=ZR-3922-CHARGE-V1.0 Member=Component R1 15Ω
Added Member To Class: ClassName=ZR-3922-CHARGE-V1.0 Member=Component R2 0.01Ω
Added Member To Class: ClassName=ZR-3922-CHARGE-V1.0 Member=Component R3 100K
Added Member To Class: ClassName=ZR-3922-CHARGE-V1.0 Member=Component R4 100K
Added Member To Class: ClassName=ZR-3922-CHARGE-V1.0 Member=Component R5 1K
Added Member To Class: ClassName=ZR-3922-CHARGE-V1.0 Member=Component R6 1K
Added Member To Class: ClassName=ZR-3922-CHARGE-V1.0 Member=Component R7 10Ω
Added Member To Class: ClassName=ZR-3922-CHARGE-V1.0 Member=Component R8 9.1K
Added Member To Class: ClassName=ZR-3922-CHARGE-V1.0 Member=Component R9 0.01Ω
Added Member To Class: ClassName=ZR-3922-CHARGE-V1.0 Member=Component R10 0Ω
Added Member To Class: ClassName=ZR-3922-CHARGE-V1.0 Member=Component R11 100Ω
Added Member To Class: ClassName=ZR-3922-CHARGE-V1.0 Member=Component R12 10K
Added Member To Class: ClassName=ZR-3922-CHARGE-V1.0 Member=Component R13 440K
Added Member To Class: ClassName=ZR-3922-CHARGE-V1.0 Member=Component R14 30K
Added Member To Class: ClassName=ZR-3922-CHARGE-V1.0 Member=Component R15 10K
Added Member To Class: ClassName=ZR-3922-CHARGE-V1.0 Member=Component R16 100K
Added Member To Class: ClassName=ZR-3922-CHARGE-V1.0 Member=Component R17 100K
Added Member To Class: ClassName=ZR-3922-CHARGE-V1.0 Member=Component R18 100K
Added Member To Class: ClassName=ZR-3922-CHARGE-V1.0 Member=Component R19 10K
Added Member To Class: ClassName=ZR-3922-CHARGE-V1.0 Member=Component R20 10K
Added Member To Class: ClassName=ZR-3922-CHARGE-V1.0 Member=Component R21 10K
Added Member To Class: ClassName=ZR-3922-CHARGE-V1.0 Member=Component R22 10K
Added Member To Class: ClassName=ZR-3922-CHARGE-V1.0 Member=Component R23 15K
Added Member To Class: ClassName=ZR-3922-CHARGE-V1.0 Member=Component R24 100K
Added Member To Class: ClassName=ZR-3922-CHARGE-V1.0 Member=Component R25 10K
Added Member To Class: ClassName=ZR-3922-CHARGE-V1.0 Member=Component T1 SMBJ28CA
Added Member To Class: ClassName=ZR-3922-CHARGE-V1.0 Member=Component T2 SMBJ28CA
Added Member To Class: ClassName=ZR-3922-CHARGE-V1.0 Member=Component U1 BQ24610
Added Member To Class: ClassName=ZR-3922-CHARGE-V1.0 Member=Component XS1 VH-2A
Added Member To Class: ClassName=ZR-3922-CHARGE-V1.0 Member=Component XS2 VH-3A
Added Member To Class: ClassName=ZR-3922-CHARGE-V1.0 Member=Component XS3 VH-2A
Added Room: Name=ZR-3922-CHARGE-V1.0
Added Room: Name=ZR-3922-MB-V1.0-1
